<?xml version="1.0" encoding="UTF-8" standalone="yes"?>
<testsuites name="Practice_TS_1" time="24" tests="3" failures="0" errors="0">
    <testsuite name="Practice_TS_1" tests="3" failures="0" errors="0" time="24" timestamp="2019-07-25 11:41:38" hostname="DESKTOP-66LKLS4$ - 192.168.3.67" id="Test Suites/Practice_TS_1">
        <properties>
            <property name="deviceName" value=""/>
            <property name="devicePlatform" value=""/>
            <property name="logFolder" value="C:\\Users\\Silvester\\Katalon Studio\\Practice_Record_Replay\\Reports\\Practice_TS_1\\20190725_114134"/>
            <property name="logFiles" value="C:\\Users\\Silvester\\Katalon Studio\\Practice_Record_Replay\\Reports\\Practice_TS_1\\20190725_114134\\execution0.log"/>
            <property name="attachments" value=""/>
            <property name="hostName" value="DESKTOP-66LKLS4$ - 192.168.3.67"/>
            <property name="os" value="Windows 10 64bit"/>
            <property name="katalonVersion" value="6.2.1.2"/>
            <property name="browser" value="Firefox 68.0"/>
            <property name="hostAddress" value="192.168.3.67"/>
            <property name="sessionId" value="34c72382-13ac-4d25-bf84-3bb32f2fdf20"/>
            <property name="seleniumVersion" value="3.141.59"/>
            <property name="proxyInformation" value="ProxyInformation{proxyOption=NO_PROXY, proxyServerType=HTTP, password=, proxyServerAddress=, proxyServerPort=0}"/>
            <property name="platform" value="Windows 10"/>
        </properties>
        <testcase name="Test Cases/tc_0_0_1_RR_ASA_quality_academy_attend" classname="Test Cases/tc_0_0_1_RR_ASA_quality_academy_attend" status="PASSED">
            <system-out>2019-07-25 11:41:38 - [TEST_CASE][PASSED] - Test Cases/tc_0_0_1_RR_ASA_quality_academy_attend: Test Cases/tc_0_0_1_RR_ASA_quality_academy_attend&#xD;
&#xD;
2019-07-25 11:41:39 - [TEST_STEP][PASSED] - openBrowser(""): Browser is opened with url: ''&#xD;
&#xD;
2019-07-25 11:41:39 - [MESSAGE][INFO] - Starting 'Firefox' driver&#xD;
&#xD;
2019-07-25 11:41:39 - [MESSAGE][INFO] - Action delay is set to 0 seconds&#xD;
&#xD;
2019-07-25 11:41:42 - [MESSAGE][PASSED] - Browser is opened with url: ''&#xD;
&#xD;
2019-07-25 11:41:42 - [TEST_STEP][PASSED] - maximizeWindow(): Current window maximized&#xD;
&#xD;
2019-07-25 11:41:42 - [MESSAGE][PASSED] - Current window maximized&#xD;
&#xD;
2019-07-25 11:41:42 - [TEST_STEP][PASSED] - navigateToUrl("https://www.asaquality.ee/"): Navigate to 'https://www.asaquality.ee/' successfully&#xD;
&#xD;
2019-07-25 11:41:44 - [MESSAGE][PASSED] - Navigate to 'https://www.asaquality.ee/' successfully&#xD;
&#xD;
2019-07-25 11:41:44 - [TEST_STEP][PASSED] - click(findTestObject("tc_0_0_1_RR_OR/Page_Avaleht - ASA Quality Services/button_EST")): Object: 'Object Repository/tc_0_0_1_RR_OR/Page_Avaleht - ASA Quality Services/button_EST' is clicked on&#xD;
&#xD;
2019-07-25 11:41:44 - [MESSAGE][PASSED] - Object: 'Object Repository/tc_0_0_1_RR_OR/Page_Avaleht - ASA Quality Services/button_EST' is clicked on&#xD;
&#xD;
2019-07-25 11:41:44 - [TEST_STEP][PASSED] - click(findTestObject("tc_0_0_1_RR_OR/Page_Avaleht - ASA Quality Services/a_ENG")): Object: 'Object Repository/tc_0_0_1_RR_OR/Page_Avaleht - ASA Quality Services/a_ENG' is clicked on&#xD;
&#xD;
2019-07-25 11:41:45 - [MESSAGE][PASSED] - Object: 'Object Repository/tc_0_0_1_RR_OR/Page_Avaleht - ASA Quality Services/a_ENG' is clicked on&#xD;
&#xD;
2019-07-25 11:41:45 - [TEST_STEP][PASSED] - click(findTestObject("tc_0_0_1_RR_OR/Page_About Us - ASA Quality/a_Academy")): Object: 'Object Repository/tc_0_0_1_RR_OR/Page_About Us - ASA Quality/a_Academy' is clicked on&#xD;
&#xD;
2019-07-25 11:41:46 - [MESSAGE][PASSED] - Object: 'Object Repository/tc_0_0_1_RR_OR/Page_About Us - ASA Quality/a_Academy' is clicked on&#xD;
&#xD;
2019-07-25 11:41:46 - [TEST_STEP][PASSED] - click(findTestObject("tc_0_0_1_RR_OR/Page_Academy - ASA Quality/button_Attend")): Object: 'Object Repository/tc_0_0_1_RR_OR/Page_Academy - ASA Quality/button_Attend' is clicked on&#xD;
&#xD;
2019-07-25 11:41:47 - [MESSAGE][PASSED] - Object: 'Object Repository/tc_0_0_1_RR_OR/Page_Academy - ASA Quality/button_Attend' is clicked on&#xD;
&#xD;
2019-07-25 11:41:47 - [TEST_STEP][PASSED] - click(findTestObject("tc_0_0_1_RR_OR/Page_Academy - ASA Quality/input_Error on form submit_btn btn-primary w-100 my-0"), STOP_ON_FAILURE): Object: 'Object Repository/tc_0_0_1_RR_OR/Page_Academy - ASA Quality/input_Error on form submit_btn btn-primary w-100 my-0' is clicked on&#xD;
&#xD;
2019-07-25 11:41:47 - [MESSAGE][PASSED] - Object: 'Object Repository/tc_0_0_1_RR_OR/Page_Academy - ASA Quality/input_Error on form submit_btn btn-primary w-100 my-0' is clicked on&#xD;
&#xD;
2019-07-25 11:41:47 - [TEST_STEP][PASSED] - waitForElementAttributeValue(findTestObject("tc_0_0_1_RR_OR/Page_Academy - ASA Quality/div_First and last name"), "class", "form-group has-error", 2): Object 'Object Repository/tc_0_0_1_RR_OR/Page_Academy - ASA Quality/div_First and last name' has attribute 'class' with value 'form-group has-error'&#xD;
&#xD;
2019-07-25 11:41:47 - [MESSAGE][PASSED] - Object 'Object Repository/tc_0_0_1_RR_OR/Page_Academy - ASA Quality/div_First and last name' has attribute 'class' with value 'form-group has-error'&#xD;
&#xD;
2019-07-25 11:41:47 - [TEST_STEP][PASSED] - click(findTestObject("tc_0_0_1_RR_OR/Page_Academy - ASA Quality/button_close")): Object: 'Object Repository/tc_0_0_1_RR_OR/Page_Academy - ASA Quality/button_close' is clicked on&#xD;
&#xD;
2019-07-25 11:41:47 - [MESSAGE][PASSED] - Object: 'Object Repository/tc_0_0_1_RR_OR/Page_Academy - ASA Quality/button_close' is clicked on&#xD;
&#xD;
2019-07-25 11:41:47 - [TEST_STEP][PASSED] - closeBrowser(): Browser is closed&#xD;
&#xD;
2019-07-25 11:41:48 - [MESSAGE][PASSED] - Browser is closed</system-out>
            <system-err></system-err>
        </testcase>
        <testcase name="Test Cases/tc_0_1_1_MM_Katalon_Demo_Kura_Login" classname="Test Cases/tc_0_1_1_MM_Katalon_Demo_Kura_Login" status="PASSED">
            <system-out>2019-07-25 11:41:48 - [TEST_CASE][PASSED] - Test Cases/tc_0_1_1_MM_Katalon_Demo_Kura_Login: Test Cases/tc_0_1_1_MM_Katalon_Demo_Kura_Login&#xD;
&#xD;
2019-07-25 11:41:48 - [TEST_STEP][PASSED] - openBrowser("https://katalon-demo-cura.herokuapp.com/profile.php#login"): Browser is opened with url: 'https://katalon-demo-cura.herokuapp.com/profile.php#login'&#xD;
&#xD;
2019-07-25 11:41:48 - [MESSAGE][INFO] - Starting 'Firefox' driver&#xD;
&#xD;
2019-07-25 11:41:52 - [MESSAGE][PASSED] - Browser is opened with url: 'https://katalon-demo-cura.herokuapp.com/profile.php#login'&#xD;
&#xD;
2019-07-25 11:41:52 - [TEST_STEP][PASSED] - maximizeWindow(): Current window maximized&#xD;
&#xD;
2019-07-25 11:41:52 - [MESSAGE][PASSED] - Current window maximized&#xD;
&#xD;
2019-07-25 11:41:52 - [TEST_STEP][PASSED] - click(findTestObject("tc_0_1_1_MM_OR/Page_CURA Healthcare Service/button_Login")): Object: 'Object Repository/tc_0_1_1_MM_OR/Page_CURA Healthcare Service/button_Login' is clicked on&#xD;
&#xD;
2019-07-25 11:41:53 - [MESSAGE][PASSED] - Object: 'Object Repository/tc_0_1_1_MM_OR/Page_CURA Healthcare Service/button_Login' is clicked on&#xD;
&#xD;
2019-07-25 11:41:53 - [TEST_STEP][PASSED] - waitForElementPresent(findTestObject("tc_0_1_1_MM_OR/Page_CURA Healthcare Service/p_Login failed Please ensure the username and password are valid"), 2): Object 'Object Repository/tc_0_1_1_MM_OR/Page_CURA Healthcare Service/p_Login failed Please ensure the username and password are valid' is present&#xD;
&#xD;
2019-07-25 11:41:53 - [MESSAGE][PASSED] - Object 'Object Repository/tc_0_1_1_MM_OR/Page_CURA Healthcare Service/p_Login failed Please ensure the username and password are valid' is present&#xD;
&#xD;
2019-07-25 11:41:53 - [TEST_STEP][PASSED] - setText(findTestObject("tc_0_1_1_MM_OR/Page_CURA Healthcare Service/input_Username_username"), "John Doe"): Text 'John Doe' is set on object 'Object Repository/tc_0_1_1_MM_OR/Page_CURA Healthcare Service/input_Username_username'&#xD;
&#xD;
2019-07-25 11:41:53 - [MESSAGE][PASSED] - Text 'John Doe' is set on object 'Object Repository/tc_0_1_1_MM_OR/Page_CURA Healthcare Service/input_Username_username'&#xD;
&#xD;
2019-07-25 11:41:53 - [TEST_STEP][PASSED] - setText(findTestObject("tc_0_1_1_MM_OR/Page_CURA Healthcare Service/input_Password_password"), "ThisIsNotAPassword"): Text 'ThisIsNotAPassword' is set on object 'Object Repository/tc_0_1_1_MM_OR/Page_CURA Healthcare Service/input_Password_password'&#xD;
&#xD;
2019-07-25 11:41:53 - [MESSAGE][PASSED] - Text 'ThisIsNotAPassword' is set on object 'Object Repository/tc_0_1_1_MM_OR/Page_CURA Healthcare Service/input_Password_password'&#xD;
&#xD;
2019-07-25 11:41:53 - [TEST_STEP][PASSED] - click(findTestObject("tc_0_1_1_MM_OR/Page_CURA Healthcare Service/button_Login")): Object: 'Object Repository/tc_0_1_1_MM_OR/Page_CURA Healthcare Service/button_Login' is clicked on&#xD;
&#xD;
2019-07-25 11:41:53 - [MESSAGE][PASSED] - Object: 'Object Repository/tc_0_1_1_MM_OR/Page_CURA Healthcare Service/button_Login' is clicked on&#xD;
&#xD;
2019-07-25 11:41:53 - [TEST_STEP][PASSED] - verifyTextPresent("Make Appointment", false, CONTINUE_ON_FAILURE): Text 'Make Appointment' is present on page &#xD;
&#xD;
2019-07-25 11:41:53 - [MESSAGE][PASSED] - Text 'Make Appointment' is present on page &#xD;
&#xD;
2019-07-25 11:41:53 - [TEST_STEP][PASSED] - closeBrowser(): Browser is closed&#xD;
&#xD;
2019-07-25 11:41:54 - [MESSAGE][PASSED] - Browser is closed</system-out>
            <system-err></system-err>
        </testcase>
        <testcase name="Test Cases/tc_0_2_1_SM_Alibris_Book_Stoore" classname="Test Cases/tc_0_2_1_SM_Alibris_Book_Stoore" status="PASSED">
            <system-out>2019-07-25 11:41:54 - [TEST_CASE][PASSED] - Test Cases/tc_0_2_1_SM_Alibris_Book_Stoore: Test Cases/tc_0_2_1_SM_Alibris_Book_Stoore&#xD;
&#xD;
2019-07-25 11:41:54 - [TEST_STEP][PASSED] - openBrowser("https://www.alibris.com/"): Browser is opened with url: 'https://www.alibris.com/'&#xD;
&#xD;
2019-07-25 11:41:54 - [MESSAGE][INFO] - Starting 'Firefox' driver&#xD;
&#xD;
2019-07-25 11:42:00 - [MESSAGE][PASSED] - Browser is opened with url: 'https://www.alibris.com/'&#xD;
&#xD;
2019-07-25 11:42:00 - [TEST_STEP][PASSED] - maximizeWindow(): Current window maximized&#xD;
&#xD;
2019-07-25 11:42:00 - [MESSAGE][PASSED] - Current window maximized&#xD;
&#xD;
2019-07-25 11:42:00 - [TEST_STEP][PASSED] - verifyElementPresent(findTestObject("Object Repository/tc_0_2_1_SM_OR/Page_Alibris - Buy new and used books textbooks music and movies/input_Search by Title Author or ISBN_keyword"), 2): Object 'Object Repository/tc_0_2_1_SM_OR/Page_Alibris - Buy new and used books textbooks music and movies/input_Search by Title Author or ISBN_keyword' is present&#xD;
&#xD;
2019-07-25 11:42:00 - [MESSAGE][PASSED] - Object 'Object Repository/tc_0_2_1_SM_OR/Page_Alibris - Buy new and used books textbooks music and movies/input_Search by Title Author or ISBN_keyword' is present&#xD;
&#xD;
2019-07-25 11:42:00 - [TEST_STEP][PASSED] - setText(findTestObject("Object Repository/tc_0_2_1_SM_OR/Page_Alibris - Buy new and used books textbooks music and movies/input_Search by Title Author or ISBN_keyword"), "Steam engine"): Text 'Steam engine' is set on object 'Object Repository/tc_0_2_1_SM_OR/Page_Alibris - Buy new and used books textbooks music and movies/input_Search by Title Author or ISBN_keyword'&#xD;
&#xD;
2019-07-25 11:42:00 - [MESSAGE][PASSED] - Text 'Steam engine' is set on object 'Object Repository/tc_0_2_1_SM_OR/Page_Alibris - Buy new and used books textbooks music and movies/input_Search by Title Author or ISBN_keyword'&#xD;
&#xD;
2019-07-25 11:42:00 - [TEST_STEP][PASSED] - click(findTestObject("Object Repository/tc_0_2_1_SM_OR/Page_Alibris - Buy new and used books textbooks music and movies/input_Select Book Format Menu_hs")): Object: 'Object Repository/tc_0_2_1_SM_OR/Page_Alibris - Buy new and used books textbooks music and movies/input_Select Book Format Menu_hs' is clicked on&#xD;
&#xD;
2019-07-25 11:42:01 - [MESSAGE][PASSED] - Object: 'Object Repository/tc_0_2_1_SM_OR/Page_Alibris - Buy new and used books textbooks music and movies/input_Select Book Format Menu_hs' is clicked on&#xD;
&#xD;
2019-07-25 11:42:01 - [TEST_STEP][PASSED] - verifyElementPresent(findTestObject("Object Repository/tc_0_2_1_SM_OR/Page_steam engine - Alibris/a_Building Simple Model Steam Engines"), 3): Object 'Object Repository/tc_0_2_1_SM_OR/Page_steam engine - Alibris/a_Building Simple Model Steam Engines' is present&#xD;
&#xD;
2019-07-25 11:42:01 - [MESSAGE][PASSED] - Object 'Object Repository/tc_0_2_1_SM_OR/Page_steam engine - Alibris/a_Building Simple Model Steam Engines' is present&#xD;
&#xD;
2019-07-25 11:42:01 - [TEST_STEP][PASSED] - click(findTestObject("Object Repository/tc_0_2_1_SM_OR/Page_steam engine - Alibris/button_Add to Cart"), OPTIONAL): Object: 'Object Repository/tc_0_2_1_SM_OR/Page_steam engine - Alibris/button_Add to Cart' is clicked on&#xD;
&#xD;
2019-07-25 11:42:01 - [MESSAGE][PASSED] - Object: 'Object Repository/tc_0_2_1_SM_OR/Page_steam engine - Alibris/button_Add to Cart' is clicked on&#xD;
&#xD;
2019-07-25 11:42:01 - [TEST_STEP][PASSED] - verifyElementPresent(findTestObject("Object Repository/tc_0_2_1_SM_OR/Page_steam engine - Alibris/h2_Items Added to Cart"), 2, OPTIONAL): Object 'Object Repository/tc_0_2_1_SM_OR/Page_steam engine - Alibris/h2_Items Added to Cart' is present&#xD;
&#xD;
2019-07-25 11:42:02 - [MESSAGE][PASSED] - Object 'Object Repository/tc_0_2_1_SM_OR/Page_steam engine - Alibris/h2_Items Added to Cart' is present&#xD;
&#xD;
2019-07-25 11:42:02 - [TEST_STEP][PASSED] - verifyElementPresent(findTestObject("Object Repository/tc_0_2_1_SM_OR/Page_steam engine - Alibris/h2_Your cart summary"), 2, OPTIONAL): Object 'Object Repository/tc_0_2_1_SM_OR/Page_steam engine - Alibris/h2_Your cart summary' is present&#xD;
&#xD;
2019-07-25 11:42:02 - [MESSAGE][PASSED] - Object 'Object Repository/tc_0_2_1_SM_OR/Page_steam engine - Alibris/h2_Your cart summary' is present&#xD;
&#xD;
2019-07-25 11:42:02 - [TEST_STEP][PASSED] - verifyElementPresent(findTestObject("Object Repository/tc_0_2_1_SM_OR/Page_steam engine - Alibris/h3_Building Simple Model Steam"), 2, OPTIONAL): Object 'Object Repository/tc_0_2_1_SM_OR/Page_steam engine - Alibris/h3_Building Simple Model Steam' is present&#xD;
&#xD;
2019-07-25 11:42:02 - [MESSAGE][PASSED] - Object 'Object Repository/tc_0_2_1_SM_OR/Page_steam engine - Alibris/h3_Building Simple Model Steam' is present&#xD;
&#xD;
2019-07-25 11:42:02 - [TEST_STEP][PASSED] - closeBrowser(): Browser is closed&#xD;
&#xD;
2019-07-25 11:42:03 - [MESSAGE][PASSED] - Browser is closed</system-out>
            <system-err></system-err>
        </testcase>
        <system-out>2019-07-25 11:41:38 - [TEST_SUITE][INCOMPLETE] - Practice_TS_1: null</system-out>
        <system-err>2019-07-25 11:41:38 - [TEST_SUITE][INCOMPLETE] - Practice_TS_1: null</system-err>
    </testsuite>
</testsuites>
